<?xml version="1.0" encoding="UTF-8"?>
<testng-results skipped="0" failed="0" total="2" passed="2">
  <reporter-output>
  </reporter-output>
  <suite name="Command line suite" duration-ms="48592" started-at="2016-03-03T07:52:22Z" finished-at="2016-03-03T07:53:11Z">
    <groups>
    </groups>
    <test name="Command line test" duration-ms="48592" started-at="2016-03-03T07:52:22Z" finished-at="2016-03-03T07:53:11Z">
      <class name="scenarios.PLPWishListTest">
        <test-method status="PASS" signature="setup()[pri:0, instance:scenarios.PLPWishListTest@735f7ae5]" name="setup" is-config="true" duration-ms="11781" started-at="2016-03-03T15:52:40Z" finished-at="2016-03-03T15:52:52Z">
          <reporter-output>
          </reporter-output>
        </test-method> <!-- setup -->
        <test-method status="PASS" signature="testScenario()[pri:0, instance:scenarios.PLPWishListTest@735f7ae5]" name="testScenario" duration-ms="18549" started-at="2016-03-03T15:52:52Z" finished-at="2016-03-03T15:53:11Z">
          <reporter-output>
          </reporter-output>
        </test-method> <!-- testScenario -->
        <test-method status="PASS" signature="tearDown()[pri:0, instance:scenarios.PLPWishListTest@735f7ae5]" name="tearDown" is-config="true" duration-ms="306" started-at="2016-03-03T15:53:11Z" finished-at="2016-03-03T15:53:11Z">
          <reporter-output>
          </reporter-output>
        </test-method> <!-- tearDown -->
      </class> <!-- scenarios.PLPWishListTest -->
      <class name="scenarios.LoginTest">
        <test-method status="PASS" signature="setup()[pri:0, instance:scenarios.LoginTest@17550481]" name="setup" is-config="true" duration-ms="15543" started-at="2016-03-03T15:52:22Z" finished-at="2016-03-03T15:52:38Z">
          <reporter-output>
          </reporter-output>
        </test-method> <!-- setup -->
        <test-method status="PASS" signature="testScenario()[pri:0, instance:scenarios.LoginTest@17550481]" name="testScenario" duration-ms="1980" started-at="2016-03-03T15:52:38Z" finished-at="2016-03-03T15:52:40Z">
          <reporter-output>
          </reporter-output>
        </test-method> <!-- testScenario -->
        <test-method status="PASS" signature="tearDown()[pri:0, instance:scenarios.LoginTest@17550481]" name="tearDown" is-config="true" duration-ms="425" started-at="2016-03-03T15:52:40Z" finished-at="2016-03-03T15:52:40Z">
          <reporter-output>
          </reporter-output>
        </test-method> <!-- tearDown -->
      </class> <!-- scenarios.LoginTest -->
    </test> <!-- Command line test -->
  </suite> <!-- Command line suite -->
</testng-results>
